This is XeTeX, Version 3.141592653-2.6-0.999997 (TeX Live 2025) (preloaded format=xelatex 2025.4.10)  26 JUN 2025 17:28
entering extended mode
 restricted \write18 enabled.
 file:line:error style messages enabled.
 %&-line parsing enabled.
**c:/git/Dissertation-mine/tools/tools-overview
(c:/git/Dissertation-mine/tools/tools-overview.tex
LaTeX2e <2024-11-01> patch level 2
L3 programming layer <2025-03-26>
File: tools-overview.tex 2015/03/31 v1.0 Tools overview
(c:/texlive/2024/texmf-dist/tex/latex/base/article.cls
Document Class: article 2024/06/29 v1.4n Standard LaTeX document class
(c:/texlive/2024/texmf-dist/tex/latex/base/size12.clo
File: size12.clo 2024/06/29 v1.4n Standard LaTeX file (size option)
)
\c@part=\count193
\c@section=\count194
\c@subsection=\count195
\c@subsubsection=\count196
\c@paragraph=\count197
\c@subparagraph=\count198
\c@figure=\count199
\c@table=\count266
\abovecaptionskip=\skip49
\belowcaptionskip=\skip50
\bibindent=\dimen146
) (c:/texlive/2024/texmf-dist/tex/latex/geometry/geometry.sty
Package: geometry 2020/01/02 v5.9 Page Geometry
 (c:/texlive/2024/texmf-dist/tex/latex/graphics/keyval.sty
Package: keyval 2022/05/29 v1.15 key=value parser (DPC)
\KV@toks@=\toks17
) (c:/texlive/2024/texmf-dist/tex/generic/iftex/ifvtex.sty
Package: ifvtex 2019/10/25 v1.7 ifvtex legacy package. Use iftex instead.
 (c:/texlive/2024/texmf-dist/tex/generic/iftex/iftex.sty
Package: iftex 2024/12/12 v1.0g TeX engine tests
))
\Gm@cnth=\count267
\Gm@cntv=\count268
\c@Gm@tempcnt=\count269
\Gm@bindingoffset=\dimen147
\Gm@wd@mp=\dimen148
\Gm@odd@mp=\dimen149
\Gm@even@mp=\dimen150
\Gm@layoutwidth=\dimen151
\Gm@layoutheight=\dimen152
\Gm@layouthoffset=\dimen153
\Gm@layoutvoffset=\dimen154
\Gm@dimlist=\toks18
) (c:/texlive/2024/texmf-dist/tex/latex/tools/calc.sty
Package: calc 2023/07/08 v4.3 Infix arithmetic (KKT,FJ)
\calc@Acount=\count270
\calc@Bcount=\count271
\calc@Adimen=\dimen155
\calc@Bdimen=\dimen156
\calc@Askip=\skip51
\calc@Bskip=\skip52
LaTeX Info: Redefining \setlength on input line 80.
LaTeX Info: Redefining \addtolength on input line 81.
\calc@Ccount=\count272
\calc@Cskip=\skip53
) (c:/texlive/2024/texmf-dist/tex/latex/hyperref/hyperref.sty
Package: hyperref 2024-11-05 v7.01l Hypertext links for LaTeX
 (c:/texlive/2024/texmf-dist/tex/latex/kvsetkeys/kvsetkeys.sty
Package: kvsetkeys 2022-10-05 v1.19 Key value parser (HO)
) (c:/texlive/2024/texmf-dist/tex/generic/kvdefinekeys/kvdefinekeys.sty
Package: kvdefinekeys 2019-12-19 v1.6 Define keys (HO)
) (c:/texlive/2024/texmf-dist/tex/generic/pdfescape/pdfescape.sty
Package: pdfescape 2019/12/09 v1.15 Implements pdfTeX's escape features (HO)
 (c:/texlive/2024/texmf-dist/tex/generic/ltxcmds/ltxcmds.sty
Package: ltxcmds 2023-12-04 v1.26 LaTeX kernel commands for general use (HO)
) (c:/texlive/2024/texmf-dist/tex/generic/pdftexcmds/pdftexcmds.sty
Package: pdftexcmds 2020-06-27 v0.33 Utility functions of pdfTeX for LuaTeX (HO)
 (c:/texlive/2024/texmf-dist/tex/generic/infwarerr/infwarerr.sty
Package: infwarerr 2019/12/03 v1.5 Providing info/warning/error messages (HO)
)
Package pdftexcmds Info: \pdf@primitive is available.
Package pdftexcmds Info: \pdf@ifprimitive is available.
Package pdftexcmds Info: \pdfdraftmode not found.
)) (c:/texlive/2024/texmf-dist/tex/latex/hycolor/hycolor.sty
Package: hycolor 2020-01-27 v1.10 Color options for hyperref/bookmark (HO)
) (c:/texlive/2024/texmf-dist/tex/latex/hyperref/nameref.sty
Package: nameref 2023-11-26 v2.56 Cross-referencing by name of section
 (c:/texlive/2024/texmf-dist/tex/latex/refcount/refcount.sty
Package: refcount 2019/12/15 v3.6 Data extraction from label references (HO)
) (c:/texlive/2024/texmf-dist/tex/generic/gettitlestring/gettitlestring.sty
Package: gettitlestring 2019/12/15 v1.6 Cleanup title references (HO)
 (c:/texlive/2024/texmf-dist/tex/latex/kvoptions/kvoptions.sty
Package: kvoptions 2022-06-15 v3.15 Key value format for package options (HO)
))
\c@section@level=\count273
) (c:/texlive/2024/texmf-dist/tex/latex/etoolbox/etoolbox.sty
Package: etoolbox 2025/02/11 v2.5l e-TeX tools for LaTeX (JAW)
\etb@tempcnta=\count274
) (c:/texlive/2024/texmf-dist/tex/generic/stringenc/stringenc.sty
Package: stringenc 2019/11/29 v1.12 Convert strings between diff. encodings (HO)
)
\@linkdim=\dimen157
\Hy@linkcounter=\count275
\Hy@pagecounter=\count276
 (c:/texlive/2024/texmf-dist/tex/latex/hyperref/pd1enc.def
File: pd1enc.def 2024-11-05 v7.01l Hyperref: PDFDocEncoding definition (HO)
) (c:/texlive/2024/texmf-dist/tex/generic/intcalc/intcalc.sty
Package: intcalc 2019/12/15 v1.3 Expandable calculations with integers (HO)
)
\Hy@SavedSpaceFactor=\count277
 (c:/texlive/2024/texmf-dist/tex/latex/hyperref/puenc.def
File: puenc.def 2024-11-05 v7.01l Hyperref: PDF Unicode definition (HO)
)
Package hyperref Info: Hyper figures OFF on input line 4157.
Package hyperref Info: Link nesting OFF on input line 4162.
Package hyperref Info: Hyper index ON on input line 4165.
Package hyperref Info: Plain pages OFF on input line 4172.
Package hyperref Info: Backreferencing OFF on input line 4177.
Package hyperref Info: Implicit mode ON; LaTeX internals redefined.
Package hyperref Info: Bookmarks ON on input line 4424.
\c@Hy@tempcnt=\count278
 (c:/texlive/2024/texmf-dist/tex/latex/url/url.sty
\Urlmuskip=\muskip17
Package: url 2013/09/16  ver 3.4  Verb mode for urls, etc.
)
LaTeX Info: Redefining \url on input line 4763.
\XeTeXLinkMargin=\dimen158
 (c:/texlive/2024/texmf-dist/tex/generic/bitset/bitset.sty
Package: bitset 2019/12/09 v1.3 Handle bit-vector datatype (HO)
 (c:/texlive/2024/texmf-dist/tex/generic/bigintcalc/bigintcalc.sty
Package: bigintcalc 2019/12/15 v1.5 Expandable calculations on big integers (HO)
))
\Fld@menulength=\count279
\Field@Width=\dimen159
\Fld@charsize=\dimen160
Package hyperref Info: Hyper figures OFF on input line 6042.
Package hyperref Info: Link nesting OFF on input line 6047.
Package hyperref Info: Hyper index ON on input line 6050.
Package hyperref Info: backreferencing OFF on input line 6057.
Package hyperref Info: Link coloring OFF on input line 6062.
Package hyperref Info: Link coloring with OCG OFF on input line 6067.
Package hyperref Info: PDF/A mode OFF on input line 6072.
 (c:/texlive/2024/texmf-dist/tex/latex/base/atbegshi-ltx.sty
Package: atbegshi-ltx 2021/01/10 v1.0c Emulation of the original atbegshi
package with kernel methods
)
\Hy@abspage=\count280
\c@Item=\count281
\c@Hfootnote=\count282
)
Package hyperref Info: Driver (autodetected): hxetex.
 (c:/texlive/2024/texmf-dist/tex/latex/hyperref/hxetex.def
File: hxetex.def 2024-11-05 v7.01l Hyperref driver for XeTeX
\pdfm@box=\box53
\c@Hy@AnnotLevel=\count283
\HyField@AnnotCount=\count284
\Fld@listcount=\count285
\c@bookmark@seq@number=\count286
 (c:/texlive/2024/texmf-dist/tex/latex/rerunfilecheck/rerunfilecheck.sty
Package: rerunfilecheck 2022-07-10 v1.10 Rerun checks for auxiliary files (HO)
 (c:/texlive/2024/texmf-dist/tex/latex/base/atveryend-ltx.sty
Package: atveryend-ltx 2020/08/19 v1.0a Emulation of the original atveryend package
with kernel methods
) (c:/texlive/2024/texmf-dist/tex/generic/uniquecounter/uniquecounter.sty
Package: uniquecounter 2019/12/15 v1.4 Provide unlimited unique counter (HO)
)
Package uniquecounter Info: New unique counter `rerunfilecheck' on input line 285.
)
\Hy@SectionHShift=\skip54
)
Package hyperref Info: Option `colorlinks' set `true' on input line 50.
\maxlen=\skip55
 (c:/texlive/2024/texmf-dist/tex/latex/l3backend/l3backend-xetex.def
File: l3backend-xetex.def 2025-03-14 L3 backend support: XeTeX
\g__graphics_track_int=\count287
\g__pdfannot_backend_int=\count288
\g__pdfannot_backend_link_int=\count289
)
No file tools-overview.aux.
\openout1 = `tools-overview.aux'.

LaTeX Font Info:    Checking defaults for OML/cmm/m/it on input line 124.
LaTeX Font Info:    ... okay on input line 124.
LaTeX Font Info:    Checking defaults for OMS/cmsy/m/n on input line 124.
LaTeX Font Info:    ... okay on input line 124.
LaTeX Font Info:    Checking defaults for OT1/cmr/m/n on input line 124.
LaTeX Font Info:    ... okay on input line 124.
LaTeX Font Info:    Checking defaults for T1/cmr/m/n on input line 124.
LaTeX Font Info:    ... okay on input line 124.
LaTeX Font Info:    Checking defaults for TS1/cmr/m/n on input line 124.
LaTeX Font Info:    ... okay on input line 124.
LaTeX Font Info:    Checking defaults for TU/lmr/m/n on input line 124.
LaTeX Font Info:    ... okay on input line 124.
LaTeX Font Info:    Checking defaults for OMX/cmex/m/n on input line 124.
LaTeX Font Info:    ... okay on input line 124.
LaTeX Font Info:    Checking defaults for U/cmr/m/n on input line 124.
LaTeX Font Info:    ... okay on input line 124.
LaTeX Font Info:    Checking defaults for PD1/pdf/m/n on input line 124.
LaTeX Font Info:    ... okay on input line 124.
LaTeX Font Info:    Checking defaults for PU/pdf/m/n on input line 124.
LaTeX Font Info:    ... okay on input line 124.
*geometry* driver: auto-detecting
*geometry* detected driver: xetex
*geometry* verbose mode - [ preamble ] result:
* driver: xetex
* paper: a4paper
* layout: <same size as paper>
* layoutoffset:(h,v)=(0.0pt,0.0pt)
* modes: 
* h-part:(L,W,R)=(72.26999pt, 452.9679pt, 72.26999pt)
* v-part:(T,H,B)=(54.2025pt, 718.57436pt, 72.26999pt)
* \paperwidth=597.50787pt
* \paperheight=845.04684pt
* \textwidth=452.9679pt
* \textheight=718.57436pt
* \oddsidemargin=0.0pt
* \evensidemargin=0.0pt
* \topmargin=-55.06749pt
* \headheight=12.0pt
* \headsep=25.0pt
* \topskip=12.0pt
* \footskip=30.0pt
* \marginparwidth=35.0pt
* \marginparsep=10.0pt
* \columnsep=10.0pt
* \skip\footins=10.8pt plus 4.0pt minus 2.0pt
* \hoffset=0.0pt
* \voffset=0.0pt
* \mag=1000
* \@twocolumnfalse
* \@twosidefalse
* \@mparswitchfalse
* \@reversemarginfalse
* (1in=72.27pt=25.4mm, 1cm=28.453pt)

(c:/texlive/2024/texmf-dist/tex/latex/graphics/color.sty
Package: color 2024/06/23 v1.3e Standard LaTeX Color (DPC)
 (c:/texlive/2024/texmf-dist/tex/latex/graphics-cfg/color.cfg
File: color.cfg 2016/01/02 v1.6 sample color configuration
)
Package color Info: Driver file: xetex.def on input line 149.
 (c:/texlive/2024/texmf-dist/tex/latex/graphics-def/xetex.def
File: xetex.def 2022/09/22 v5.0n Graphics/color driver for xetex
) (c:/texlive/2024/texmf-dist/tex/latex/graphics/mathcolor.ltx))
Package hyperref Info: Link coloring ON on input line 124.
\@outlinefile=\write3
\openout3 = `tools-overview.out'.



Package hyperref Warning: Rerun to get /PageLabels entry.

LaTeX Font Info:    External font `cmex10' loaded for size
(Font)              <20.74> on input line 124.
LaTeX Font Info:    External font `cmex10' loaded for size
(Font)              <14.4> on input line 124.
LaTeX Font Info:    External font `cmex10' loaded for size
(Font)              <12> on input line 124.
c:/git/Dissertation-mine/tools/tools-overview.tex:127: Undefined control sequence.
\outline #1->\pdfoutline 
                         attr {/C[0 0 1]} user {<</S/GoToR/F(#1.pdf)/NewWind...
l.127 }
       %
The control sequence at the end of the top line
of your error message was never \def'ed. If you have
misspelled it (e.g., `\hobx'), type `I' and the correct
spelling (e.g., `I\hbox'). Otherwise just continue,
and I'll forget about whatever was undefined.

c:/git/Dissertation-mine/tools/tools-overview.tex:130: Undefined control sequence.
\outline #1->\pdfoutline 
                         attr {/C[0 0 1]} user {<</S/GoToR/F(#1.pdf)/NewWind...
l.130 }
       %
The control sequence at the end of the top line
of your error message was never \def'ed. If you have
misspelled it (e.g., `\hobx'), type `I' and the correct
spelling (e.g., `I\hbox'). Otherwise just continue,
and I'll forget about whatever was undefined.

c:/git/Dissertation-mine/tools/tools-overview.tex:133: Undefined control sequence.
\outline #1->\pdfoutline 
                         attr {/C[0 0 1]} user {<</S/GoToR/F(#1.pdf)/NewWind...
l.133 }
       %
The control sequence at the end of the top line
of your error message was never \def'ed. If you have
misspelled it (e.g., `\hobx'), type `I' and the correct
spelling (e.g., `I\hbox'). Otherwise just continue,
and I'll forget about whatever was undefined.

c:/git/Dissertation-mine/tools/tools-overview.tex:137: Undefined control sequence.
\outline #1->\pdfoutline 
                         attr {/C[0 0 1]} user {<</S/GoToR/F(#1.pdf)/NewWind...
l.137 }
       %
The control sequence at the end of the top line
of your error message was never \def'ed. If you have
misspelled it (e.g., `\hobx'), type `I' and the correct
spelling (e.g., `I\hbox'). Otherwise just continue,
and I'll forget about whatever was undefined.

c:/git/Dissertation-mine/tools/tools-overview.tex:140: Undefined control sequence.
\outline #1->\pdfoutline 
                         attr {/C[0 0 1]} user {<</S/GoToR/F(#1.pdf)/NewWind...
l.140 }
       %
The control sequence at the end of the top line
of your error message was never \def'ed. If you have
misspelled it (e.g., `\hobx'), type `I' and the correct
spelling (e.g., `I\hbox'). Otherwise just continue,
and I'll forget about whatever was undefined.

c:/git/Dissertation-mine/tools/tools-overview.tex:143: Undefined control sequence.
\outline #1->\pdfoutline 
                         attr {/C[0 0 1]} user {<</S/GoToR/F(#1.pdf)/NewWind...
l.143 }
       %
The control sequence at the end of the top line
of your error message was never \def'ed. If you have
misspelled it (e.g., `\hobx'), type `I' and the correct
spelling (e.g., `I\hbox'). Otherwise just continue,
and I'll forget about whatever was undefined.

c:/git/Dissertation-mine/tools/tools-overview.tex:146: Undefined control sequence.
\outline #1->\pdfoutline 
                         attr {/C[0 0 1]} user {<</S/GoToR/F(#1.pdf)/NewWind...
l.146 }
       %
The control sequence at the end of the top line
of your error message was never \def'ed. If you have
misspelled it (e.g., `\hobx'), type `I' and the correct
spelling (e.g., `I\hbox'). Otherwise just continue,
and I'll forget about whatever was undefined.

c:/git/Dissertation-mine/tools/tools-overview.tex:150: Undefined control sequence.
\outline #1->\pdfoutline 
                         attr {/C[0 0 1]} user {<</S/GoToR/F(#1.pdf)/NewWind...
l.150 }
       %
The control sequence at the end of the top line
of your error message was never \def'ed. If you have
misspelled it (e.g., `\hobx'), type `I' and the correct
spelling (e.g., `I\hbox'). Otherwise just continue,
and I'll forget about whatever was undefined.

c:/git/Dissertation-mine/tools/tools-overview.tex:153: Undefined control sequence.
\outline #1->\pdfoutline 
                         attr {/C[0 0 1]} user {<</S/GoToR/F(#1.pdf)/NewWind...
l.153 }
       %
The control sequence at the end of the top line
of your error message was never \def'ed. If you have
misspelled it (e.g., `\hobx'), type `I' and the correct
spelling (e.g., `I\hbox'). Otherwise just continue,
and I'll forget about whatever was undefined.

c:/git/Dissertation-mine/tools/tools-overview.tex:156: Undefined control sequence.
\outline #1->\pdfoutline 
                         attr {/C[0 0 1]} user {<</S/GoToR/F(#1.pdf)/NewWind...
l.156 }
       %
The control sequence at the end of the top line
of your error message was never \def'ed. If you have
misspelled it (e.g., `\hobx'), type `I' and the correct
spelling (e.g., `I\hbox'). Otherwise just continue,
and I'll forget about whatever was undefined.

c:/git/Dissertation-mine/tools/tools-overview.tex:159: Undefined control sequence.
\outline #1->\pdfoutline 
                         attr {/C[0 0 1]} user {<</S/GoToR/F(#1.pdf)/NewWind...
l.159 }
       %
The control sequence at the end of the top line
of your error message was never \def'ed. If you have
misspelled it (e.g., `\hobx'), type `I' and the correct
spelling (e.g., `I\hbox'). Otherwise just continue,
and I'll forget about whatever was undefined.

c:/git/Dissertation-mine/tools/tools-overview.tex:162: Undefined control sequence.
\outline #1->\pdfoutline 
                         attr {/C[0 0 1]} user {<</S/GoToR/F(#1.pdf)/NewWind...
l.162 }
       %
The control sequence at the end of the top line
of your error message was never \def'ed. If you have
misspelled it (e.g., `\hobx'), type `I' and the correct
spelling (e.g., `I\hbox'). Otherwise just continue,
and I'll forget about whatever was undefined.

c:/git/Dissertation-mine/tools/tools-overview.tex:165: Undefined control sequence.
\outline #1->\pdfoutline 
                         attr {/C[0 0 1]} user {<</S/GoToR/F(#1.pdf)/NewWind...
l.165 }
       %
The control sequence at the end of the top line
of your error message was never \def'ed. If you have
misspelled it (e.g., `\hobx'), type `I' and the correct
spelling (e.g., `I\hbox'). Otherwise just continue,
and I'll forget about whatever was undefined.

c:/git/Dissertation-mine/tools/tools-overview.tex:169: Undefined control sequence.
\outline #1->\pdfoutline 
                         attr {/C[0 0 1]} user {<</S/GoToR/F(#1.pdf)/NewWind...
l.169 }
       %
The control sequence at the end of the top line
of your error message was never \def'ed. If you have
misspelled it (e.g., `\hobx'), type `I' and the correct
spelling (e.g., `I\hbox'). Otherwise just continue,
and I'll forget about whatever was undefined.

c:/git/Dissertation-mine/tools/tools-overview.tex:173: Undefined control sequence.
\outline #1->\pdfoutline 
                         attr {/C[0 0 1]} user {<</S/GoToR/F(#1.pdf)/NewWind...
l.173 }
       %
The control sequence at the end of the top line
of your error message was never \def'ed. If you have
misspelled it (e.g., `\hobx'), type `I' and the correct
spelling (e.g., `I\hbox'). Otherwise just continue,
and I'll forget about whatever was undefined.

c:/git/Dissertation-mine/tools/tools-overview.tex:178: Undefined control sequence.
\outline #1->\pdfoutline 
                         attr {/C[0 0 1]} user {<</S/GoToR/F(#1.pdf)/NewWind...
l.178 }
       %
The control sequence at the end of the top line
of your error message was never \def'ed. If you have
misspelled it (e.g., `\hobx'), type `I' and the correct
spelling (e.g., `I\hbox'). Otherwise just continue,
and I'll forget about whatever was undefined.

c:/git/Dissertation-mine/tools/tools-overview.tex:183: Undefined control sequence.
\outline #1->\pdfoutline 
                         attr {/C[0 0 1]} user {<</S/GoToR/F(#1.pdf)/NewWind...
l.183 }
       %
The control sequence at the end of the top line
of your error message was never \def'ed. If you have
misspelled it (e.g., `\hobx'), type `I' and the correct
spelling (e.g., `I\hbox'). Otherwise just continue,
and I'll forget about whatever was undefined.

c:/git/Dissertation-mine/tools/tools-overview.tex:186: Undefined control sequence.
\outline #1->\pdfoutline 
                         attr {/C[0 0 1]} user {<</S/GoToR/F(#1.pdf)/NewWind...
l.186 }
       %
The control sequence at the end of the top line
of your error message was never \def'ed. If you have
misspelled it (e.g., `\hobx'), type `I' and the correct
spelling (e.g., `I\hbox'). Otherwise just continue,
and I'll forget about whatever was undefined.

c:/git/Dissertation-mine/tools/tools-overview.tex:189: Undefined control sequence.
\outline #1->\pdfoutline 
                         attr {/C[0 0 1]} user {<</S/GoToR/F(#1.pdf)/NewWind...
l.189 }
       %
The control sequence at the end of the top line
of your error message was never \def'ed. If you have
misspelled it (e.g., `\hobx'), type `I' and the correct
spelling (e.g., `I\hbox'). Otherwise just continue,
and I'll forget about whatever was undefined.

c:/git/Dissertation-mine/tools/tools-overview.tex:194: Undefined control sequence.
\outline #1->\pdfoutline 
                         attr {/C[0 0 1]} user {<</S/GoToR/F(#1.pdf)/NewWind...
l.194 }
       %
The control sequence at the end of the top line
of your error message was never \def'ed. If you have
misspelled it (e.g., `\hobx'), type `I' and the correct
spelling (e.g., `I\hbox'). Otherwise just continue,
and I'll forget about whatever was undefined.

c:/git/Dissertation-mine/tools/tools-overview.tex:197: Undefined control sequence.
\outline #1->\pdfoutline 
                         attr {/C[0 0 1]} user {<</S/GoToR/F(#1.pdf)/NewWind...
l.197 }
       %
The control sequence at the end of the top line
of your error message was never \def'ed. If you have
misspelled it (e.g., `\hobx'), type `I' and the correct
spelling (e.g., `I\hbox'). Otherwise just continue,
and I'll forget about whatever was undefined.

c:/git/Dissertation-mine/tools/tools-overview.tex:201: Undefined control sequence.
\outline #1->\pdfoutline 
                         attr {/C[0 0 1]} user {<</S/GoToR/F(#1.pdf)/NewWind...
l.201 }
       %
The control sequence at the end of the top line
of your error message was never \def'ed. If you have
misspelled it (e.g., `\hobx'), type `I' and the correct
spelling (e.g., `I\hbox'). Otherwise just continue,
and I'll forget about whatever was undefined.

c:/git/Dissertation-mine/tools/tools-overview.tex:204: Undefined control sequence.
\outline #1->\pdfoutline 
                         attr {/C[0 0 1]} user {<</S/GoToR/F(#1.pdf)/NewWind...
l.204 }
       %
The control sequence at the end of the top line
of your error message was never \def'ed. If you have
misspelled it (e.g., `\hobx'), type `I' and the correct
spelling (e.g., `I\hbox'). Otherwise just continue,
and I'll forget about whatever was undefined.

c:/git/Dissertation-mine/tools/tools-overview.tex:207: Undefined control sequence.
\outline #1->\pdfoutline 
                         attr {/C[0 0 1]} user {<</S/GoToR/F(#1.pdf)/NewWind...
l.207 }
       %
The control sequence at the end of the top line
of your error message was never \def'ed. If you have
misspelled it (e.g., `\hobx'), type `I' and the correct
spelling (e.g., `I\hbox'). Otherwise just continue,
and I'll forget about whatever was undefined.

c:/git/Dissertation-mine/tools/tools-overview.tex:211: Undefined control sequence.
\outline #1->\pdfoutline 
                         attr {/C[0 0 1]} user {<</S/GoToR/F(#1.pdf)/NewWind...
l.211 }
       %
The control sequence at the end of the top line
of your error message was never \def'ed. If you have
misspelled it (e.g., `\hobx'), type `I' and the correct
spelling (e.g., `I\hbox'). Otherwise just continue,
and I'll forget about whatever was undefined.

c:/git/Dissertation-mine/tools/tools-overview.tex:215: Undefined control sequence.
\outline #1->\pdfoutline 
                         attr {/C[0 0 1]} user {<</S/GoToR/F(#1.pdf)/NewWind...
l.215 }
       %
The control sequence at the end of the top line
of your error message was never \def'ed. If you have
misspelled it (e.g., `\hobx'), type `I' and the correct
spelling (e.g., `I\hbox'). Otherwise just continue,
and I'll forget about whatever was undefined.


Overfull \hbox (23.92812pt too wide) in paragraph at lines 127--216
\TU/lmr/m/n/12 null null]»[afterpage]attr /C[0 0 1] user «/S/GoToR/F(array.pdf)/NewWindow true/D[0/XYZ
 []


Overfull \hbox (15.76012pt too wide) in paragraph at lines 127--216
\TU/lmr/m/n/12 null null null]»[array]attr /C[0 0 1] user «/S/GoToR/F(bm.pdf)/NewWindow true/D[0/XYZ
 []


Overfull \hbox (8.56012pt too wide) in paragraph at lines 127--216
\TU/lmr/m/n/12 null null null]»[bm]attr /C[0 0 1] user «/S/GoToR/F(calc.pdf)/NewWindow true/D[0/XYZ
 []


Overfull \hbox (35.98012pt too wide) in paragraph at lines 127--216
\TU/lmr/m/n/12 null null null]»[calc]attr /C[0 0 1] user «/S/GoToR/F(dcolumn.pdf)/NewWindow true/D[0/XYZ
 []


Overfull \hbox (67.65881pt too wide) in paragraph at lines 127--216
\TU/lmr/m/n/12 true/D[0/XYZ null null null]»[delarray]attr /C[0 0 1] user «/S/GoToR/F(enumerate.pdf)/NewWindow
 []


Overfull \hbox (55.23882pt too wide) in paragraph at lines 127--216
\TU/lmr/m/n/12 true/D[0/XYZ null null null]»[enumerate]attr /C[0 0 1] user «/S/GoToR/F(fileerr.pdf)/NewWindow
 []


Overfull \hbox (46.49081pt too wide) in paragraph at lines 127--216
\TU/lmr/m/n/12 true/D[0/XYZ null null null]»[fileerr]attr /C[0 0 1] user «/S/GoToR/F(fontsmpl.pdf)/NewWindow
 []


Overfull \hbox (56.29482pt too wide) in paragraph at lines 127--216
\TU/lmr/m/n/12 true/D[0/XYZ null null null]»[fontsmpl]attr /C[0 0 1] user «/S/GoToR/F(ftnright.pdf)/NewWindow
 []


Overfull \hbox (43.16682pt too wide) in paragraph at lines 127--216
\TU/lmr/m/n/12 true/D[0/XYZ null null null]»[ftnright]attr /C[0 0 1] user «/S/GoToR/F(hhline.pdf)/NewWindow
 []


Overfull \hbox (56.60683pt too wide) in paragraph at lines 127--216
\TU/lmr/m/n/12 true/D[0/XYZ null null null]»[hhline]attr /C[0 0 1] user «/S/GoToR/F(indentfirst.pdf)/NewWindow
 []


Overfull \hbox (56.95482pt too wide) in paragraph at lines 127--216
\TU/lmr/m/n/12 true/D[0/XYZ null null null]»[indentfirst]attr /C[0 0 1] user «/S/GoToR/F(layout.pdf)/NewWindow
 []


Overfull \hbox (51.35081pt too wide) in paragraph at lines 127--216
\TU/lmr/m/n/12 true/D[0/XYZ null null null]»[layout]attr /C[0 0 1] user «/S/GoToR/F(longtable.pdf)/NewWindow
 []


Overfull \hbox (61.13081pt too wide) in paragraph at lines 127--216
\TU/lmr/m/n/12 true/D[0/XYZ null null null]»[longtable]attr /C[0 0 1] user «/S/GoToR/F(multicol.pdf)/NewWindow
 []


Overfull \hbox (57.60281pt too wide) in paragraph at lines 127--216
\TU/lmr/m/n/12 true/D[0/XYZ null null null]»[multicol]attr /C[0 0 1] user «/S/GoToR/F(rawfonts.pdf)/NewWindow
 []


Overfull \hbox (54.12282pt too wide) in paragraph at lines 127--216
\TU/lmr/m/n/12 true/D[0/XYZ null null null]»[rawfonts]attr /C[0 0 1] user «/S/GoToR/F(shellesc.pdf)/NewWindow
 []


Overfull \hbox (57.77081pt too wide) in paragraph at lines 127--216
\TU/lmr/m/n/12 true/D[0/XYZ null null null]»[shellesc]attr /C[0 0 1] user «/S/GoToR/F(showkeys.pdf)/NewWindow
 []


Overfull \hbox (65.2828pt too wide) in paragraph at lines 127--216
\TU/lmr/m/n/12 true/D[0/XYZ null null null]»[showkeys]attr /C[0 0 1] user «/S/GoToR/F(somedefs.pdf)/NewWindow
 []


Overfull \hbox (61.57481pt too wide) in paragraph at lines 127--216
\TU/lmr/m/n/12 true/D[0/XYZ null null null]»[somedefs]attr /C[0 0 1] user «/S/GoToR/F(tabularx.pdf)/NewWindow
 []


Overfull \hbox (57.86682pt too wide) in paragraph at lines 127--216
\TU/lmr/m/n/12 true/D[0/XYZ null null null]»[tabularx]attr /C[0 0 1] user «/S/GoToR/F(theorem.pdf)/NewWindow
 []


Overfull \hbox (39.90282pt too wide) in paragraph at lines 127--216
\TU/lmr/m/n/12 true/D[0/XYZ null null null]»[theorem]attr /C[0 0 1] user «/S/GoToR/F(trace.pdf)/NewWindow
 []


Overfull \hbox (36.65082pt too wide) in paragraph at lines 127--216
\TU/lmr/m/n/12 true/D[0/XYZ null null null]»[trace]attr /C[0 0 1] user «/S/GoToR/F(varioref.pdf)/NewWindow
 []


Overfull \hbox (57.21881pt too wide) in paragraph at lines 127--216
\TU/lmr/m/n/12 true/D[0/XYZ null null null]»[varioref]attr /C[0 0 1] user «/S/GoToR/F(verbatim.pdf)/NewWindow
 []


Overfull \hbox (29.13882pt too wide) in paragraph at lines 127--216
\TU/lmr/m/n/12 true/D[0/XYZ null null null]»[verbatim]attr /C[0 0 1] user «/S/GoToR/F(xr.pdf)/NewWindow
 []


Overfull \hbox (17.11482pt too wide) in paragraph at lines 127--216
\TU/lmr/m/n/12 true/D[0/XYZ null null null]»[xr]attr /C[0 0 1] user «/S/GoToR/F(xspace.pdf)/NewWindow
 []



[1

]
LaTeX Font Info:    External font `cmex10' loaded for size
(Font)              <8> on input line 217.
LaTeX Font Info:    External font `cmex10' loaded for size
(Font)              <6> on input line 217.


[2] (./tools-overview.aux)
 ***********
LaTeX2e <2024-11-01> patch level 2
L3 programming layer <2025-03-26>
 ***********


Package rerunfilecheck Warning: File `tools-overview.out' has changed.
(rerunfilecheck)                Rerun to get outlines right
(rerunfilecheck)                or use package `bookmark'.

Package rerunfilecheck Info: Checksums for `tools-overview.out':
(rerunfilecheck)             Before: <no file>
(rerunfilecheck)             After:  D41D8CD98F00B204E9800998ECF8427E;0.
 ) 
Here is how much of TeX's memory you used:
 8433 strings out of 470910
 131197 string characters out of 5506379
 530616 words of memory out of 5000000
 34925 multiletter control sequences out of 15000+600000
 631804 words of font info for 63 fonts, out of 8000000 for 9000
 1040 hyphenation exceptions out of 8191
 72i,5n,79p,279b,394s stack positions out of 10000i,1000n,20000p,200000b,200000s

Output written on tools-overview.pdf (2 pages).
